<?xml version="1.0" encoding="UTF-8"?>
<!-- Generated by org.testng.reporters.JUnitXMLReporter -->
<testsuite hostname="sys" name="Default test" tests="5" failures="0" timestamp="24 Mar 2016 20:03:29 GMT" time="2.139" errors="0">
  <testcase name="testParam" time="0.025" classname="testngPractise.Test_Param"/>
  <testcase name="testParam" time="0.001" classname="testngPractise.Test_Param"/>
  <testcase name="testParam" time="0.002" classname="testngPractise.Test_Param"/>
  <testcase name="testParam" time="0.002" classname="testngPractise.Test_Param"/>
  <testcase name="testParam" time="0.002" classname="testngPractise.Test_Param"/>
</testsuite> <!-- Default test -->
