<?xml version="1.0" encoding="UTF-8"?>
<!-- Generated by org.testng.reporters.JUnitXMLReporter -->
<testsuite hostname="sys" name="TestCase one" tests="5" failures="0" timestamp="24 Mar 2016 20:05:32 GMT" time="2.104" errors="0">
  <testcase name="testParam" time="0.002" classname="testngPractise.Test_Param"/>
  <testcase name="testParam" time="0.004" classname="testngPractise.Test_Param"/>
  <testcase name="testParam" time="0.005" classname="testngPractise.Test_Param"/>
  <testcase name="testParam" time="0.002" classname="testngPractise.Test_Param"/>
  <testcase name="testParam" time="0.002" classname="testngPractise.Test_Param"/>
</testsuite> <!-- TestCase one -->
