<?xml version="1.0" encoding="UTF-8"?>
<!-- Generated by org.testng.reporters.JUnitXMLReporter -->
<testsuite hostname="sys" name="TestCases one" tests="5" failures="0" timestamp="23 Mar 2016 18:22:25 GMT" time="0.719" errors="0">
  <testcase name="testParam" time="0.0" classname="testngPractise.Test_Param"/>
  <testcase name="testParam" time="0.0" classname="testngPractise.Test_Param"/>
  <testcase name="testParam" time="0.004" classname="testngPractise.Test_Param"/>
  <testcase name="testParam" time="0.0" classname="testngPractise.Test_Param"/>
  <testcase name="testParam" time="0.0" classname="testngPractise.Test_Param"/>
</testsuite> <!-- TestCases one -->
