<?xml version="1.0" encoding="UTF-8"?>
<!-- Generated by org.testng.reporters.JUnitXMLReporter -->
<testsuite hostname="sys" name="TestCase two" tests="5" failures="0" timestamp="24 Mar 2016 20:05:32 GMT" time="0.324" errors="0">
  <testcase name="test_hash" time="0.003" classname="testngPractise.Test_hashtable_param"/>
  <testcase name="test_hash" time="0.001" classname="testngPractise.Test_hashtable_param"/>
  <testcase name="test_hash" time="0.002" classname="testngPractise.Test_hashtable_param"/>
  <testcase name="test_hash" time="0.011" classname="testngPractise.Test_hashtable_param"/>
  <testcase name="test_hash" time="0.005" classname="testngPractise.Test_hashtable_param"/>
</testsuite> <!-- TestCase two -->
