<?xml version="1.0" encoding="UTF-8"?>
<!-- Generated by org.testng.reporters.JUnitXMLReporter -->
<testsuite hostname="sys" name="TestCase four" tests="4" failures="0" timestamp="24 Mar 2016 20:05:33 GMT" time="0.046" errors="0">
  <testcase name="testData" time="0.007" classname="testngPractise.MultipleDataProvidersTest"/>
  <testcase name="testData" time="0.004" classname="testngPractise.MultipleDataProvidersTest"/>
  <testcase name="testData1" time="0.002" classname="testngPractise.MultipleDataProvidersTest"/>
  <testcase name="testData1" time="0.002" classname="testngPractise.MultipleDataProvidersTest"/>
</testsuite> <!-- TestCase four -->
